Arguments: 
  C:\Program Files\nodejs\node.exe C:\Program Files\nodejs\node_modules\yarn\bin\yarn.js add vite-plugin-mock -D

PATH: 
  C:\WINDOWS\system32;C:\WINDOWS;C:\WINDOWS\System32\Wbem;C:\WINDOWS\System32\WindowsPowerShell\v1.0\;C:\WINDOWS\System32\OpenSSH\;C:\Program Files\Git\cmd;C:\Program Files\Intel\WiFi\bin\;C:\Program Files\Common Files\Intel\WirelessCommon\;C:\Program Files\TortoiseGit\bin;C:\Users\Administrator\AppData\Roaming\nvm;C:\Program Files\nodejs;C:\Users\Administrator\AppData\Local\Microsoft\WindowsApps;D:\Microsoft VS Code\bin;C:\Users\Administrator\AppData\Roaming\nvm;C:\Program Files\nodejs;C:\Users\Administrator\AppData\Local\Microsoft\WindowsApps;

Yarn version: 
  1.22.17

Node version: 
  16.13.0

Platform: 
  win32 x64

Trace: 
  Error: EPERM: operation not permitted, unlink 'D:\gitweb\project\Vue3-ElementPlus-Vite2\node_modules\esbuild\esbuild.exe'

npm manifest: 
  {
    "name": "vue3-elementplus-vite2",
    "version": "0.0.0",
    "scripts": {
      "dev": "vite",
      "build": "vue-tsc --noEmit && vite build",
      "serve": "vite preview"
    },
    "dependencies": {
      "axios": "^0.21.1",
      "element-plus": "^1.0.2-beta.41",
      "mockjs": "^1.1.0",
      "vite-plugin-mock": "^2.5.0",
      "vue": "^3.0.5",
      "vue-router": "^4.0.6",
      "vuex": "^4.0.0"
    },
    "devDependencies": {
      "@types/node": "^15.0.2",
      "@vitejs/plugin-vue": "^1.2.2",
      "@vue/compiler-sfc": "^3.0.5",
      "prettier": "^2.2.1",
      "sass": "^1.32.12",
      "typescript": "^4.1.3",
      "vite": "^2.2.3",
      "vite-plugin-compression": "^0.2.5",
      "vite-plugin-html": "^2.0.7",
      "vite-plugin-style-import": "^0.10.0",
      "vite-plugin-svg-icons": "^1.0.0",
      "vue-tsc": "^0.0.24"
    }
  }

yarn manifest: 
  No manifest

Lockfile: 
  No lockfile
